<?xml version="1.0" encoding="UTF-8"?>
<testsuite name="com.example.ApplicationTests" tests="0" skipped="0" failures="0" errors="0" timestamp="1970-01-01T00:00:00" hostname="DESKTOP-RDPMD52" time="0.0">
  <properties/>
  <system-out><![CDATA[12:23:01.121 [Test worker] DEBUG org.springframework.test.context.junit4.SpringJUnit4ClassRunner - SpringJUnit4ClassRunner constructor called with [class com.example.ApplicationTests]
12:23:01.128 [Test worker] DEBUG org.springframework.test.context.BootstrapUtils - Instantiating CacheAwareContextLoaderDelegate from class [org.springframework.test.context.cache.DefaultCacheAwareContextLoaderDelegate]
12:23:01.142 [Test worker] DEBUG org.springframework.test.context.BootstrapUtils - Instantiating BootstrapContext using constructor [public org.springframework.test.context.support.DefaultBootstrapContext(java.lang.Class,org.springframework.test.context.CacheAwareContextLoaderDelegate)]
12:23:01.170 [Test worker] DEBUG org.springframework.test.context.BootstrapUtils - Instantiating TestContextBootstrapper for test class [com.example.ApplicationTests] from class [org.springframework.boot.test.context.SpringBootTestContextBootstrapper]
12:23:01.185 [Test worker] INFO org.springframework.boot.test.context.SpringBootTestContextBootstrapper - Neither @ContextConfiguration nor @ContextHierarchy found for test class [com.example.ApplicationTests], using SpringBootContextLoader
12:23:01.191 [Test worker] DEBUG org.springframework.test.context.support.AbstractContextLoader - Did not detect default resource location for test class [com.example.ApplicationTests]: class path resource [com/example/ApplicationTests-context.xml] does not exist
12:23:01.191 [Test worker] DEBUG org.springframework.test.context.support.AbstractContextLoader - Did not detect default resource location for test class [com.example.ApplicationTests]: class path resource [com/example/ApplicationTestsContext.groovy] does not exist
12:23:01.191 [Test worker] INFO org.springframework.test.context.support.AbstractContextLoader - Could not detect default resource locations for test class [com.example.ApplicationTests]: no resource found for suffixes {-context.xml, Context.groovy}.
12:23:01.192 [Test worker] INFO org.springframework.test.context.support.AnnotationConfigContextLoaderUtils - Could not detect default configuration classes for test class [com.example.ApplicationTests]: ApplicationTests does not declare any static, non-private, non-final, nested classes annotated with @Configuration.
12:23:01.244 [Test worker] DEBUG org.springframework.test.context.support.ActiveProfilesUtils - Could not find an 'annotation declaring class' for annotation type [org.springframework.test.context.ActiveProfiles] and class [com.example.ApplicationTests]
12:23:01.250 [Test worker] DEBUG org.springframework.core.env.StandardEnvironment - Adding [systemProperties] PropertySource with lowest search precedence
12:23:01.250 [Test worker] DEBUG org.springframework.core.env.StandardEnvironment - Adding [systemEnvironment] PropertySource with lowest search precedence
12:23:01.251 [Test worker] DEBUG org.springframework.core.env.StandardEnvironment - Initialized StandardEnvironment with PropertySources [systemProperties,systemEnvironment]
12:23:01.259 [Test worker] DEBUG org.springframework.core.io.support.PathMatchingResourcePatternResolver - Resolved classpath location [com/example/] to resources [URL [file:/C:/Users/apolo/workspace/shopping-cart/build/classes/test/com/example/], URL [file:/C:/Users/apolo/workspace/shopping-cart/build/classes/main/com/example/]]
12:23:01.259 [Test worker] DEBUG org.springframework.core.io.support.PathMatchingResourcePatternResolver - Looking for matching resources in directory tree [C:\Users\apolo\workspace\shopping-cart\build\classes\test\com\example]
12:23:01.259 [Test worker] DEBUG org.springframework.core.io.support.PathMatchingResourcePatternResolver - Searching directory [C:\Users\apolo\workspace\shopping-cart\build\classes\test\com\example] for files matching pattern [C:/Users/apolo/workspace/shopping-cart/build/classes/test/com/example/*.class]
12:23:01.261 [Test worker] DEBUG org.springframework.core.io.support.PathMatchingResourcePatternResolver - Looking for matching resources in directory tree [C:\Users\apolo\workspace\shopping-cart\build\classes\main\com\example]
12:23:01.262 [Test worker] DEBUG org.springframework.core.io.support.PathMatchingResourcePatternResolver - Searching directory [C:\Users\apolo\workspace\shopping-cart\build\classes\main\com\example] for files matching pattern [C:/Users/apolo/workspace/shopping-cart/build/classes/main/com/example/*.class]
12:23:01.262 [Test worker] DEBUG org.springframework.core.io.support.PathMatchingResourcePatternResolver - Resolved location pattern [classpath*:com/example/*.class] to resources [file [C:\Users\apolo\workspace\shopping-cart\build\classes\test\com\example\ApplicationTests.class], file [C:\Users\apolo\workspace\shopping-cart\build\classes\main\com\example\Application.class]]
12:23:01.299 [Test worker] DEBUG org.springframework.context.annotation.ClassPathScanningCandidateComponentProvider - Identified candidate component class: file [C:\Users\apolo\workspace\shopping-cart\build\classes\main\com\example\Application.class]
12:23:01.300 [Test worker] INFO org.springframework.boot.test.context.SpringBootTestContextBootstrapper - Found @SpringBootConfiguration com.example.Application for test class com.example.ApplicationTests
12:23:01.304 [Test worker] DEBUG org.springframework.boot.test.context.SpringBootTestContextBootstrapper - @TestExecutionListeners is not present for class [com.example.ApplicationTests]: using defaults.
12:23:01.308 [Test worker] INFO org.springframework.boot.test.context.SpringBootTestContextBootstrapper - Loaded default TestExecutionListener class names from location [META-INF/spring.factories]: [org.springframework.boot.test.mock.mockito.MockitoTestExecutionListener, org.springframework.boot.test.mock.mockito.ResetMocksTestExecutionListener, org.springframework.boot.test.autoconfigure.restdocs.RestDocsTestExecutionListener, org.springframework.boot.test.autoconfigure.web.client.MockRestServiceServerResetTestExecutionListener, org.springframework.boot.test.autoconfigure.web.servlet.MockMvcPrintOnlyOnFailureTestExecutionListener, org.springframework.boot.test.autoconfigure.web.servlet.WebDriverTestExecutionListener, org.springframework.test.context.web.ServletTestExecutionListener, org.springframework.test.context.support.DirtiesContextBeforeModesTestExecutionListener, org.springframework.test.context.support.DependencyInjectionTestExecutionListener, org.springframework.test.context.support.DirtiesContextTestExecutionListener, org.springframework.test.context.transaction.TransactionalTestExecutionListener, org.springframework.test.context.jdbc.SqlScriptsTestExecutionListener]
12:23:01.329 [Test worker] INFO org.springframework.boot.test.context.SpringBootTestContextBootstrapper - Using TestExecutionListeners: [org.springframework.test.context.web.ServletTestExecutionListener@47fb0627, org.springframework.test.context.support.DirtiesContextBeforeModesTestExecutionListener@1bb25800, org.springframework.boot.test.autoconfigure.SpringBootDependencyInjectionTestExecutionListener@2dec3976, org.springframework.test.context.support.DirtiesContextTestExecutionListener@209e140c, org.springframework.test.context.transaction.TransactionalTestExecutionListener@3fcbf406, org.springframework.test.context.jdbc.SqlScriptsTestExecutionListener@3630d9a7, org.springframework.boot.test.mock.mockito.MockitoTestExecutionListener@7a5b619e, org.springframework.boot.test.mock.mockito.ResetMocksTestExecutionListener@2a3534ad, org.springframework.boot.test.autoconfigure.web.servlet.MockMvcPrintOnlyOnFailureTestExecutionListener@4a3e8e29, org.springframework.boot.test.autoconfigure.restdocs.RestDocsTestExecutionListener@7af38b28, org.springframework.boot.test.autoconfigure.web.servlet.WebDriverTestExecutionListener@5b855279, org.springframework.boot.test.autoconfigure.web.client.MockRestServiceServerResetTestExecutionListener@581685f8]
12:23:01.340 [Test worker] DEBUG org.springframework.test.annotation.ProfileValueUtils - Retrieved @ProfileValueSourceConfiguration [null] for test class [com.example.ApplicationTests]
12:23:01.340 [Test worker] DEBUG org.springframework.test.annotation.ProfileValueUtils - Retrieved ProfileValueSource type [class org.springframework.test.annotation.SystemProfileValueSource] for class [com.example.ApplicationTests]
]]></system-out>
  <system-err><![CDATA[]]></system-err>
</testsuite>
